mode: set
github.com/harness/ff-golang-server-sdk/types/error.go:6.35,8.2 1 0
github.com/harness/ff-golang-server-sdk/types/int.go:14.54,16.8 2 0
github.com/harness/ff-golang-server-sdk/types/int.go:20.2,20.77 1 0
github.com/harness/ff-golang-server-sdk/types/int.go:16.8,19.3 2 0
github.com/harness/ff-golang-server-sdk/types/int.go:25.60,26.20 1 1
github.com/harness/ff-golang-server-sdk/types/int.go:35.2,35.14 1 1
github.com/harness/ff-golang-server-sdk/types/int.go:26.20,27.63 1 1
github.com/harness/ff-golang-server-sdk/types/int.go:32.3,32.81 1 1
github.com/harness/ff-golang-server-sdk/types/int.go:27.63,28.13 1 1
github.com/harness/ff-golang-server-sdk/types/int.go:28.13,30.5 1 1
github.com/harness/ff-golang-server-sdk/types/int.go:39.44,41.2 1 0
github.com/harness/ff-golang-server-sdk/types/int.go:44.42,46.2 1 0
github.com/harness/ff-golang-server-sdk/types/int.go:49.39,51.2 1 0
github.com/harness/ff-golang-server-sdk/types/int.go:54.42,56.2 1 0
github.com/harness/ff-golang-server-sdk/types/int.go:59.48,61.2 1 0
github.com/harness/ff-golang-server-sdk/types/int.go:64.45,65.47 1 1
github.com/harness/ff-golang-server-sdk/types/int.go:65.47,67.3 1 1
github.com/harness/ff-golang-server-sdk/types/int.go:71.51,72.47 1 0
github.com/harness/ff-golang-server-sdk/types/int.go:72.47,74.3 1 0
github.com/harness/ff-golang-server-sdk/types/int.go:78.56,79.47 1 0
github.com/harness/ff-golang-server-sdk/types/int.go:79.47,81.3 1 0
github.com/harness/ff-golang-server-sdk/types/int.go:85.48,86.47 1 0
github.com/harness/ff-golang-server-sdk/types/int.go:86.47,88.3 1 0
github.com/harness/ff-golang-server-sdk/types/int.go:92.53,93.47 1 0
github.com/harness/ff-golang-server-sdk/types/int.go:93.47,95.3 1 0
github.com/harness/ff-golang-server-sdk/types/int.go:99.42,100.26 1 0
github.com/harness/ff-golang-server-sdk/types/int.go:105.2,105.14 1 0
github.com/harness/ff-golang-server-sdk/types/int.go:100.26,101.27 1 0
github.com/harness/ff-golang-server-sdk/types/int.go:101.27,103.4 1 0
github.com/harness/ff-golang-server-sdk/types/number.go:14.52,16.8 2 0
github.com/harness/ff-golang-server-sdk/types/number.go:20.2,20.76 1 0
github.com/harness/ff-golang-server-sdk/types/number.go:16.8,19.3 2 0
github.com/harness/ff-golang-server-sdk/types/number.go:25.65,26.20 1 1
github.com/harness/ff-golang-server-sdk/types/number.go:34.2,34.14 1 1
github.com/harness/ff-golang-server-sdk/types/number.go:26.20,27.61 1 1
github.com/harness/ff-golang-server-sdk/types/number.go:32.3,32.80 1 1
github.com/harness/ff-golang-server-sdk/types/number.go:27.61,28.13 1 1
github.com/harness/ff-golang-server-sdk/types/number.go:28.13,30.5 1 1
github.com/harness/ff-golang-server-sdk/types/number.go:38.49,40.2 1 0
github.com/harness/ff-golang-server-sdk/types/number.go:43.47,45.2 1 0
github.com/harness/ff-golang-server-sdk/types/number.go:48.44,50.2 1 0
github.com/harness/ff-golang-server-sdk/types/number.go:53.47,55.2 1 0
github.com/harness/ff-golang-server-sdk/types/number.go:58.53,60.2 1 0
github.com/harness/ff-golang-server-sdk/types/number.go:63.44,64.52 1 1
github.com/harness/ff-golang-server-sdk/types/number.go:64.52,66.3 1 1
github.com/harness/ff-golang-server-sdk/types/number.go:70.50,71.52 1 0
github.com/harness/ff-golang-server-sdk/types/number.go:71.52,73.3 1 0
github.com/harness/ff-golang-server-sdk/types/number.go:77.55,78.52 1 0
github.com/harness/ff-golang-server-sdk/types/number.go:78.52,80.3 1 0
github.com/harness/ff-golang-server-sdk/types/number.go:84.47,85.52 1 0
github.com/harness/ff-golang-server-sdk/types/number.go:85.52,87.3 1 0
github.com/harness/ff-golang-server-sdk/types/number.go:91.52,92.52 1 0
github.com/harness/ff-golang-server-sdk/types/number.go:92.52,94.3 1 0
github.com/harness/ff-golang-server-sdk/types/number.go:98.41,99.26 1 0
github.com/harness/ff-golang-server-sdk/types/number.go:104.2,104.14 1 0
github.com/harness/ff-golang-server-sdk/types/number.go:99.26,100.27 1 0
github.com/harness/ff-golang-server-sdk/types/number.go:100.27,102.4 1 0
github.com/harness/ff-golang-server-sdk/types/bool.go:14.54,16.8 2 0
github.com/harness/ff-golang-server-sdk/types/bool.go:20.2,20.77 1 0
github.com/harness/ff-golang-server-sdk/types/bool.go:16.8,19.3 2 0
github.com/harness/ff-golang-server-sdk/types/bool.go:24.60,25.20 1 1
github.com/harness/ff-golang-server-sdk/types/bool.go:31.2,31.14 1 1
github.com/harness/ff-golang-server-sdk/types/bool.go:25.20,26.56 1 1
github.com/harness/ff-golang-server-sdk/types/bool.go:29.3,29.78 1 1
github.com/harness/ff-golang-server-sdk/types/bool.go:26.56,28.4 1 1
github.com/harness/ff-golang-server-sdk/types/bool.go:35.50,37.2 1 0
github.com/harness/ff-golang-server-sdk/types/bool.go:40.48,42.2 1 0
github.com/harness/ff-golang-server-sdk/types/bool.go:45.45,47.2 1 0
github.com/harness/ff-golang-server-sdk/types/bool.go:50.48,52.2 1 0
github.com/harness/ff-golang-server-sdk/types/bool.go:55.54,57.2 1 0
github.com/harness/ff-golang-server-sdk/types/bool.go:60.45,61.47 1 1
github.com/harness/ff-golang-server-sdk/types/bool.go:61.47,63.3 1 1
github.com/harness/ff-golang-server-sdk/types/bool.go:67.51,69.2 1 0
github.com/harness/ff-golang-server-sdk/types/bool.go:72.56,74.2 1 0
github.com/harness/ff-golang-server-sdk/types/bool.go:77.48,79.2 1 0
github.com/harness/ff-golang-server-sdk/types/bool.go:82.53,84.2 1 0
github.com/harness/ff-golang-server-sdk/types/bool.go:87.42,89.2 1 0
github.com/harness/ff-golang-server-sdk/types/slice.go:17.40,21.2 1 0
github.com/harness/ff-golang-server-sdk/types/slice.go:26.41,29.17 2 1
github.com/harness/ff-golang-server-sdk/types/slice.go:34.2,34.35 1 1
github.com/harness/ff-golang-server-sdk/types/slice.go:78.2,78.14 1 1
github.com/harness/ff-golang-server-sdk/types/slice.go:29.17,31.3 1 1
github.com/harness/ff-golang-server-sdk/types/slice.go:35.16,36.40 1 1
github.com/harness/ff-golang-server-sdk/types/slice.go:41.17,42.40 1 1
github.com/harness/ff-golang-server-sdk/types/slice.go:47.14,48.40 1 1
github.com/harness/ff-golang-server-sdk/types/slice.go:53.21,57.40 1 1
github.com/harness/ff-golang-server-sdk/types/slice.go:73.10,74.70 1 0
github.com/harness/ff-golang-server-sdk/types/slice.go:36.40,37.36 1 1
github.com/harness/ff-golang-server-sdk/types/slice.go:37.36,39.5 1 1
github.com/harness/ff-golang-server-sdk/types/slice.go:42.40,43.37 1 1
github.com/harness/ff-golang-server-sdk/types/slice.go:43.37,45.5 1 1
github.com/harness/ff-golang-server-sdk/types/slice.go:48.40,49.34 1 1
github.com/harness/ff-golang-server-sdk/types/slice.go:49.34,51.5 1 1
github.com/harness/ff-golang-server-sdk/types/slice.go:57.40,58.36 1 1
github.com/harness/ff-golang-server-sdk/types/slice.go:59.16,60.32 1 1
github.com/harness/ff-golang-server-sdk/types/slice.go:63.17,64.33 1 0
github.com/harness/ff-golang-server-sdk/types/slice.go:67.14,68.30 1 0
github.com/harness/ff-golang-server-sdk/types/slice.go:60.32,62.6 1 1
github.com/harness/ff-golang-server-sdk/types/slice.go:64.33,66.6 1 0
github.com/harness/ff-golang-server-sdk/types/slice.go:68.30,70.6 1 0
github.com/harness/ff-golang-server-sdk/types/slice.go:82.43,84.2 1 0
github.com/harness/ff-golang-server-sdk/types/slice.go:87.47,89.2 1 0
github.com/harness/ff-golang-server-sdk/types/slice.go:92.48,94.2 1 0
github.com/harness/ff-golang-server-sdk/types/slice.go:97.46,99.2 1 0
github.com/harness/ff-golang-server-sdk/types/slice.go:102.43,104.2 1 0
github.com/harness/ff-golang-server-sdk/types/slice.go:107.52,109.2 1 0
github.com/harness/ff-golang-server-sdk/types/slice.go:112.49,114.2 1 0
github.com/harness/ff-golang-server-sdk/types/slice.go:117.54,119.2 1 0
github.com/harness/ff-golang-server-sdk/types/slice.go:122.46,124.2 1 0
github.com/harness/ff-golang-server-sdk/types/slice.go:127.51,129.2 1 0
github.com/harness/ff-golang-server-sdk/types/slice.go:133.56,134.31 1 1
github.com/harness/ff-golang-server-sdk/types/slice.go:139.2,139.14 1 1
github.com/harness/ff-golang-server-sdk/types/slice.go:134.31,135.42 1 1
github.com/harness/ff-golang-server-sdk/types/slice.go:135.42,137.4 1 1
github.com/harness/ff-golang-server-sdk/types/slice.go:145.58,146.31 1 1
github.com/harness/ff-golang-server-sdk/types/slice.go:156.2,156.14 1 1
github.com/harness/ff-golang-server-sdk/types/slice.go:146.31,148.17 2 1
github.com/harness/ff-golang-server-sdk/types/slice.go:152.3,152.31 1 1
github.com/harness/ff-golang-server-sdk/types/slice.go:148.17,150.12 2 0
github.com/harness/ff-golang-server-sdk/types/slice.go:152.31,154.4 1 1
github.com/harness/ff-golang-server-sdk/types/slice.go:162.52,163.31 1 1
github.com/harness/ff-golang-server-sdk/types/slice.go:173.2,173.14 1 1
github.com/harness/ff-golang-server-sdk/types/slice.go:163.31,165.17 2 1
github.com/harness/ff-golang-server-sdk/types/slice.go:169.3,169.29 1 1
github.com/harness/ff-golang-server-sdk/types/slice.go:165.17,167.12 2 0
github.com/harness/ff-golang-server-sdk/types/slice.go:169.29,171.4 1 1
github.com/harness/ff-golang-server-sdk/types/slice.go:178.50,180.29 2 1
github.com/harness/ff-golang-server-sdk/types/slice.go:185.2,185.31 1 1
github.com/harness/ff-golang-server-sdk/types/slice.go:189.2,189.13 1 1
github.com/harness/ff-golang-server-sdk/types/slice.go:180.29,183.3 2 1
github.com/harness/ff-golang-server-sdk/types/slice.go:185.31,187.3 1 1
github.com/harness/ff-golang-server-sdk/types/string.go:13.52,15.8 2 0
github.com/harness/ff-golang-server-sdk/types/string.go:19.2,19.76 1 0
github.com/harness/ff-golang-server-sdk/types/string.go:15.8,18.3 2 0
github.com/harness/ff-golang-server-sdk/types/string.go:23.33,25.2 1 0
github.com/harness/ff-golang-server-sdk/types/string.go:29.64,30.20 1 0
github.com/harness/ff-golang-server-sdk/types/string.go:33.2,33.14 1 0
github.com/harness/ff-golang-server-sdk/types/string.go:30.20,32.3 1 0
github.com/harness/ff-golang-server-sdk/types/string.go:37.49,38.51 1 0
github.com/harness/ff-golang-server-sdk/types/string.go:38.51,40.3 1 0
github.com/harness/ff-golang-server-sdk/types/string.go:44.47,45.51 1 0
github.com/harness/ff-golang-server-sdk/types/string.go:45.51,47.3 1 0
github.com/harness/ff-golang-server-sdk/types/string.go:51.44,52.51 1 0
github.com/harness/ff-golang-server-sdk/types/string.go:52.51,53.67 1 0
github.com/harness/ff-golang-server-sdk/types/string.go:56.3,56.15 1 0
github.com/harness/ff-golang-server-sdk/types/string.go:53.67,55.4 1 0
github.com/harness/ff-golang-server-sdk/types/string.go:61.47,62.51 1 0
github.com/harness/ff-golang-server-sdk/types/string.go:62.51,64.3 1 0
github.com/harness/ff-golang-server-sdk/types/string.go:68.53,69.51 1 0
github.com/harness/ff-golang-server-sdk/types/string.go:69.51,71.3 1 0
github.com/harness/ff-golang-server-sdk/types/string.go:75.44,76.51 1 0
github.com/harness/ff-golang-server-sdk/types/string.go:76.51,78.3 1 0
github.com/harness/ff-golang-server-sdk/types/string.go:82.50,83.51 1 0
github.com/harness/ff-golang-server-sdk/types/string.go:83.51,85.3 1 0
github.com/harness/ff-golang-server-sdk/types/string.go:89.55,90.51 1 0
github.com/harness/ff-golang-server-sdk/types/string.go:90.51,92.3 1 0
github.com/harness/ff-golang-server-sdk/types/string.go:96.47,97.51 1 0
github.com/harness/ff-golang-server-sdk/types/string.go:97.51,99.3 1 0
github.com/harness/ff-golang-server-sdk/types/string.go:103.52,104.51 1 0
github.com/harness/ff-golang-server-sdk/types/string.go:104.51,106.3 1 0
github.com/harness/ff-golang-server-sdk/types/string.go:110.41,111.26 1 0
github.com/harness/ff-golang-server-sdk/types/string.go:116.2,116.14 1 0
github.com/harness/ff-golang-server-sdk/types/string.go:111.26,112.38 1 0
github.com/harness/ff-golang-server-sdk/types/string.go:112.38,114.4 1 0
github.com/harness/ff-golang-server-sdk/types/array.go:13.60,15.2 1 0
github.com/harness/ff-golang-server-sdk/pkg/evaluation/evaluator.go:41.52,42.18 1 1
github.com/harness/ff-golang-server-sdk/pkg/evaluation/evaluator.go:45.2,47.8 1 1
github.com/harness/ff-golang-server-sdk/pkg/evaluation/evaluator.go:42.18,44.3 1 1
github.com/harness/ff-golang-server-sdk/pkg/evaluation/evaluator.go:50.82,51.19 1 1
github.com/harness/ff-golang-server-sdk/pkg/evaluation/evaluator.go:55.2,56.22 2 1
github.com/harness/ff-golang-server-sdk/pkg/evaluation/evaluator.go:59.2,62.20 3 1
github.com/harness/ff-golang-server-sdk/pkg/evaluation/evaluator.go:66.2,67.62 2 1
github.com/harness/ff-golang-server-sdk/pkg/evaluation/evaluator.go:71.2,73.18 2 1
github.com/harness/ff-golang-server-sdk/pkg/evaluation/evaluator.go:51.19,53.3 1 1
github.com/harness/ff-golang-server-sdk/pkg/evaluation/evaluator.go:56.22,58.3 1 1
github.com/harness/ff-golang-server-sdk/pkg/evaluation/evaluator.go:62.20,64.3 1 1
github.com/harness/ff-golang-server-sdk/pkg/evaluation/evaluator.go:67.62,69.3 1 1
github.com/harness/ff-golang-server-sdk/pkg/evaluation/evaluator.go:74.26,75.42 1 1
github.com/harness/ff-golang-server-sdk/pkg/evaluation/evaluator.go:76.24,77.42 1 1
github.com/harness/ff-golang-server-sdk/pkg/evaluation/evaluator.go:78.21,80.27 2 1
github.com/harness/ff-golang-server-sdk/pkg/evaluation/evaluator.go:83.3,83.14 1 1
github.com/harness/ff-golang-server-sdk/pkg/evaluation/evaluator.go:84.24,85.41 1 1
github.com/harness/ff-golang-server-sdk/pkg/evaluation/evaluator.go:86.21,87.42 1 1
github.com/harness/ff-golang-server-sdk/pkg/evaluation/evaluator.go:88.30,89.25 1 1
github.com/harness/ff-golang-server-sdk/pkg/evaluation/evaluator.go:90.18,91.30 1 1
github.com/harness/ff-golang-server-sdk/pkg/evaluation/evaluator.go:96.3,96.15 1 1
github.com/harness/ff-golang-server-sdk/pkg/evaluation/evaluator.go:97.18,98.24 1 1
github.com/harness/ff-golang-server-sdk/pkg/evaluation/evaluator.go:99.28,100.63 1 1
github.com/harness/ff-golang-server-sdk/pkg/evaluation/evaluator.go:101.10,102.15 1 1
github.com/harness/ff-golang-server-sdk/pkg/evaluation/evaluator.go:80.27,82.4 1 1
github.com/harness/ff-golang-server-sdk/pkg/evaluation/evaluator.go:91.30,92.21 1 1
github.com/harness/ff-golang-server-sdk/pkg/evaluation/evaluator.go:92.21,94.5 1 1
github.com/harness/ff-golang-server-sdk/pkg/evaluation/evaluator.go:106.85,107.25 1 1
github.com/harness/ff-golang-server-sdk/pkg/evaluation/evaluator.go:112.2,112.13 1 1
github.com/harness/ff-golang-server-sdk/pkg/evaluation/evaluator.go:107.25,108.45 1 1
github.com/harness/ff-golang-server-sdk/pkg/evaluation/evaluator.go:108.45,110.4 1 1
github.com/harness/ff-golang-server-sdk/pkg/evaluation/evaluator.go:115.90,117.2 1 1
github.com/harness/ff-golang-server-sdk/pkg/evaluation/evaluator.go:119.95,120.42 1 1
github.com/harness/ff-golang-server-sdk/pkg/evaluation/evaluator.go:124.2,124.53 1 1
github.com/harness/ff-golang-server-sdk/pkg/evaluation/evaluator.go:127.2,127.30 1 1
github.com/harness/ff-golang-server-sdk/pkg/evaluation/evaluator.go:144.2,144.11 1 1
github.com/harness/ff-golang-server-sdk/pkg/evaluation/evaluator.go:120.42,122.3 1 1
github.com/harness/ff-golang-server-sdk/pkg/evaluation/evaluator.go:124.53,126.3 1 1
github.com/harness/ff-golang-server-sdk/pkg/evaluation/evaluator.go:127.30,130.37 2 1
github.com/harness/ff-golang-server-sdk/pkg/evaluation/evaluator.go:135.3,135.37 1 1
github.com/harness/ff-golang-server-sdk/pkg/evaluation/evaluator.go:140.3,140.34 1 1
github.com/harness/ff-golang-server-sdk/pkg/evaluation/evaluator.go:130.37,131.12 1 1
github.com/harness/ff-golang-server-sdk/pkg/evaluation/evaluator.go:135.37,137.4 1 1
github.com/harness/ff-golang-server-sdk/pkg/evaluation/evaluator.go:140.34,142.4 1 1
github.com/harness/ff-golang-server-sdk/pkg/evaluation/evaluator.go:147.104,148.43 1 1
github.com/harness/ff-golang-server-sdk/pkg/evaluation/evaluator.go:152.2,152.45 1 1
github.com/harness/ff-golang-server-sdk/pkg/evaluation/evaluator.go:166.2,166.11 1 1
github.com/harness/ff-golang-server-sdk/pkg/evaluation/evaluator.go:148.43,150.3 1 1
github.com/harness/ff-golang-server-sdk/pkg/evaluation/evaluator.go:152.45,153.34 1 1
github.com/harness/ff-golang-server-sdk/pkg/evaluation/evaluator.go:161.3,162.102 2 1
github.com/harness/ff-golang-server-sdk/pkg/evaluation/evaluator.go:153.34,154.44 1 1
github.com/harness/ff-golang-server-sdk/pkg/evaluation/evaluator.go:154.44,155.66 1 1
github.com/harness/ff-golang-server-sdk/pkg/evaluation/evaluator.go:155.66,157.6 1 1
github.com/harness/ff-golang-server-sdk/pkg/evaluation/evaluator.go:162.102,164.4 1 1
github.com/harness/ff-golang-server-sdk/pkg/evaluation/evaluator.go:169.101,171.38 2 1
github.com/harness/ff-golang-server-sdk/pkg/evaluation/evaluator.go:187.2,187.21 1 1
github.com/harness/ff-golang-server-sdk/pkg/evaluation/evaluator.go:190.2,190.78 1 1
github.com/harness/ff-golang-server-sdk/pkg/evaluation/evaluator.go:171.38,173.37 2 1
github.com/harness/ff-golang-server-sdk/pkg/evaluation/evaluator.go:176.3,176.41 1 1
github.com/harness/ff-golang-server-sdk/pkg/evaluation/evaluator.go:179.3,179.22 1 1
github.com/harness/ff-golang-server-sdk/pkg/evaluation/evaluator.go:182.3,182.58 1 1
github.com/harness/ff-golang-server-sdk/pkg/evaluation/evaluator.go:173.37,175.4 1 1
github.com/harness/ff-golang-server-sdk/pkg/evaluation/evaluator.go:176.41,178.4 1 1
github.com/harness/ff-golang-server-sdk/pkg/evaluation/evaluator.go:179.22,181.4 1 1
github.com/harness/ff-golang-server-sdk/pkg/evaluation/evaluator.go:182.58,184.4 1 1
github.com/harness/ff-golang-server-sdk/pkg/evaluation/evaluator.go:187.21,189.3 1 1
github.com/harness/ff-golang-server-sdk/pkg/evaluation/evaluator.go:193.104,194.24 1 1
github.com/harness/ff-golang-server-sdk/pkg/evaluation/evaluator.go:197.2,197.48 1 1
github.com/harness/ff-golang-server-sdk/pkg/evaluation/evaluator.go:225.2,225.14 1 1
github.com/harness/ff-golang-server-sdk/pkg/evaluation/evaluator.go:194.24,196.3 1 1
github.com/harness/ff-golang-server-sdk/pkg/evaluation/evaluator.go:197.48,199.17 2 1
github.com/harness/ff-golang-server-sdk/pkg/evaluation/evaluator.go:203.3,203.75 1 1
github.com/harness/ff-golang-server-sdk/pkg/evaluation/evaluator.go:209.3,209.75 1 1
github.com/harness/ff-golang-server-sdk/pkg/evaluation/evaluator.go:218.3,219.56 2 1
github.com/harness/ff-golang-server-sdk/pkg/evaluation/evaluator.go:199.17,201.4 1 1
github.com/harness/ff-golang-server-sdk/pkg/evaluation/evaluator.go:203.75,206.4 2 1
github.com/harness/ff-golang-server-sdk/pkg/evaluation/evaluator.go:209.75,215.4 2 1
github.com/harness/ff-golang-server-sdk/pkg/evaluation/evaluator.go:219.56,223.4 2 1
github.com/harness/ff-golang-server-sdk/pkg/evaluation/evaluator.go:228.101,229.20 1 1
github.com/harness/ff-golang-server-sdk/pkg/evaluation/evaluator.go:233.2,234.26 2 1
github.com/harness/ff-golang-server-sdk/pkg/evaluation/evaluator.go:277.2,277.18 1 1
github.com/harness/ff-golang-server-sdk/pkg/evaluation/evaluator.go:229.20,232.3 2 1
github.com/harness/ff-golang-server-sdk/pkg/evaluation/evaluator.go:234.26,239.38 2 1
github.com/harness/ff-golang-server-sdk/pkg/evaluation/evaluator.go:239.38,242.18 3 1
github.com/harness/ff-golang-server-sdk/pkg/evaluation/evaluator.go:248.4,249.18 2 1
github.com/harness/ff-golang-server-sdk/pkg/evaluation/evaluator.go:255.4,268.77 4 1
github.com/harness/ff-golang-server-sdk/pkg/evaluation/evaluator.go:272.4,272.69 1 1
github.com/harness/ff-golang-server-sdk/pkg/evaluation/evaluator.go:242.18,246.5 2 1
github.com/harness/ff-golang-server-sdk/pkg/evaluation/evaluator.go:249.18,253.5 2 0
github.com/harness/ff-golang-server-sdk/pkg/evaluation/evaluator.go:268.77,270.5 1 0
github.com/harness/ff-golang-server-sdk/pkg/evaluation/evaluator.go:272.69,274.5 1 0
github.com/harness/ff-golang-server-sdk/pkg/evaluation/evaluator.go:280.106,281.20 1 1
github.com/harness/ff-golang-server-sdk/pkg/evaluation/evaluator.go:285.2,286.16 2 1
github.com/harness/ff-golang-server-sdk/pkg/evaluation/evaluator.go:290.2,290.23 1 1
github.com/harness/ff-golang-server-sdk/pkg/evaluation/evaluator.go:294.2,294.31 1 1
github.com/harness/ff-golang-server-sdk/pkg/evaluation/evaluator.go:300.2,301.16 2 1
github.com/harness/ff-golang-server-sdk/pkg/evaluation/evaluator.go:304.2,304.23 1 1
github.com/harness/ff-golang-server-sdk/pkg/evaluation/evaluator.go:281.20,284.3 2 1
github.com/harness/ff-golang-server-sdk/pkg/evaluation/evaluator.go:286.16,288.3 1 1
github.com/harness/ff-golang-server-sdk/pkg/evaluation/evaluator.go:290.23,292.3 1 1
github.com/harness/ff-golang-server-sdk/pkg/evaluation/evaluator.go:294.31,296.28 2 1
github.com/harness/ff-golang-server-sdk/pkg/evaluation/evaluator.go:296.28,298.4 1 0
github.com/harness/ff-golang-server-sdk/pkg/evaluation/evaluator.go:301.16,303.3 1 1
github.com/harness/ff-golang-server-sdk/pkg/evaluation/evaluator.go:308.98,310.16 2 1
github.com/harness/ff-golang-server-sdk/pkg/evaluation/evaluator.go:314.2,314.51 1 1
github.com/harness/ff-golang-server-sdk/pkg/evaluation/evaluator.go:310.16,313.3 2 1
github.com/harness/ff-golang-server-sdk/pkg/evaluation/evaluator.go:318.104,320.16 2 1
github.com/harness/ff-golang-server-sdk/pkg/evaluation/evaluator.go:324.2,324.24 1 1
github.com/harness/ff-golang-server-sdk/pkg/evaluation/evaluator.go:320.16,323.3 2 1
github.com/harness/ff-golang-server-sdk/pkg/evaluation/evaluator.go:328.95,330.16 2 1
github.com/harness/ff-golang-server-sdk/pkg/evaluation/evaluator.go:334.2,335.16 2 1
github.com/harness/ff-golang-server-sdk/pkg/evaluation/evaluator.go:338.2,338.12 1 1
github.com/harness/ff-golang-server-sdk/pkg/evaluation/evaluator.go:330.16,333.3 2 1
github.com/harness/ff-golang-server-sdk/pkg/evaluation/evaluator.go:335.16,337.3 1 1
github.com/harness/ff-golang-server-sdk/pkg/evaluation/evaluator.go:342.106,344.16 2 1
github.com/harness/ff-golang-server-sdk/pkg/evaluation/evaluator.go:348.2,349.16 2 1
github.com/harness/ff-golang-server-sdk/pkg/evaluation/evaluator.go:352.2,352.12 1 1
github.com/harness/ff-golang-server-sdk/pkg/evaluation/evaluator.go:344.16,347.3 2 1
github.com/harness/ff-golang-server-sdk/pkg/evaluation/evaluator.go:349.16,351.3 1 1
github.com/harness/ff-golang-server-sdk/pkg/evaluation/evaluator.go:356.134,358.16 2 0
github.com/harness/ff-golang-server-sdk/pkg/evaluation/evaluator.go:362.2,364.16 3 0
github.com/harness/ff-golang-server-sdk/pkg/evaluation/evaluator.go:367.2,367.12 1 0
github.com/harness/ff-golang-server-sdk/pkg/evaluation/evaluator.go:358.16,361.3 2 0
github.com/harness/ff-golang-server-sdk/pkg/evaluation/evaluator.go:364.16,366.3 1 0
github.com/harness/ff-golang-server-sdk/pkg/evaluation/string_slice.go:3.46,4.28 1 1
github.com/harness/ff-golang-server-sdk/pkg/evaluation/string_slice.go:9.2,9.14 1 0
github.com/harness/ff-golang-server-sdk/pkg/evaluation/string_slice.go:4.28,5.15 1 1
github.com/harness/ff-golang-server-sdk/pkg/evaluation/string_slice.go:5.15,7.4 1 1
github.com/harness/ff-golang-server-sdk/pkg/evaluation/util.go:13.67,15.19 2 1
github.com/harness/ff-golang-server-sdk/pkg/evaluation/util.go:19.2,20.30 2 1
github.com/harness/ff-golang-server-sdk/pkg/evaluation/util.go:24.2,25.8 2 1
github.com/harness/ff-golang-server-sdk/pkg/evaluation/util.go:37.2,37.14 1 1
github.com/harness/ff-golang-server-sdk/pkg/evaluation/util.go:15.19,17.3 1 1
github.com/harness/ff-golang-server-sdk/pkg/evaluation/util.go:20.30,22.3 1 1
github.com/harness/ff-golang-server-sdk/pkg/evaluation/util.go:25.8,27.3 1 1
github.com/harness/ff-golang-server-sdk/pkg/evaluation/util.go:27.8,30.32 1 1
github.com/harness/ff-golang-server-sdk/pkg/evaluation/util.go:31.21,32.46 1 1
github.com/harness/ff-golang-server-sdk/pkg/evaluation/util.go:33.15,34.40 1 0
github.com/harness/ff-golang-server-sdk/pkg/evaluation/util.go:40.92,41.39 1 1
github.com/harness/ff-golang-server-sdk/pkg/evaluation/util.go:46.2,46.81 1 1
github.com/harness/ff-golang-server-sdk/pkg/evaluation/util.go:41.39,42.41 1 1
github.com/harness/ff-golang-server-sdk/pkg/evaluation/util.go:42.41,44.4 1 1
github.com/harness/ff-golang-server-sdk/pkg/evaluation/util.go:49.59,53.16 4 1
github.com/harness/ff-golang-server-sdk/pkg/evaluation/util.go:56.2,57.32 2 1
github.com/harness/ff-golang-server-sdk/pkg/evaluation/util.go:53.16,55.3 1 0
github.com/harness/ff-golang-server-sdk/pkg/evaluation/util.go:60.75,63.22 3 1
github.com/harness/ff-golang-server-sdk/pkg/evaluation/util.go:67.2,68.49 2 1
github.com/harness/ff-golang-server-sdk/pkg/evaluation/util.go:63.22,65.3 1 0
github.com/harness/ff-golang-server-sdk/pkg/evaluation/util.go:71.88,73.25 2 1
github.com/harness/ff-golang-server-sdk/pkg/evaluation/util.go:77.2,78.45 2 1
github.com/harness/ff-golang-server-sdk/pkg/evaluation/util.go:85.2,85.18 1 0
github.com/harness/ff-golang-server-sdk/pkg/evaluation/util.go:73.25,75.3 1 1
github.com/harness/ff-golang-server-sdk/pkg/evaluation/util.go:78.45,81.64 3 1
github.com/harness/ff-golang-server-sdk/pkg/evaluation/util.go:81.64,83.4 1 1
github.com/harness/ff-golang-server-sdk/pkg/evaluation/util.go:88.70,89.37 1 1
github.com/harness/ff-golang-server-sdk/pkg/evaluation/util.go:92.2,92.41 1 1
github.com/harness/ff-golang-server-sdk/pkg/evaluation/util.go:97.2,97.14 1 1
github.com/harness/ff-golang-server-sdk/pkg/evaluation/util.go:89.37,91.3 1 0
github.com/harness/ff-golang-server-sdk/pkg/evaluation/util.go:92.41,93.53 1 1
github.com/harness/ff-golang-server-sdk/pkg/evaluation/util.go:93.53,95.4 1 1
github.com/harness/ff-golang-server-sdk/evaluation/feature.go:46.93,50.34 1 1
github.com/harness/ff-golang-server-sdk/evaluation/feature.go:58.2,58.21 1 1
github.com/harness/ff-golang-server-sdk/evaluation/feature.go:76.2,76.14 1 0
github.com/harness/ff-golang-server-sdk/evaluation/feature.go:50.34,51.22 1 1
github.com/harness/ff-golang-server-sdk/evaluation/feature.go:54.3,54.35 1 1
github.com/harness/ff-golang-server-sdk/evaluation/feature.go:51.22,53.4 1 0
github.com/harness/ff-golang-server-sdk/evaluation/feature.go:58.21,59.15 1 1
github.com/harness/ff-golang-server-sdk/evaluation/feature.go:60.19,61.31 1 0
github.com/harness/ff-golang-server-sdk/evaluation/feature.go:62.22,63.34 1 1
github.com/harness/ff-golang-server-sdk/evaluation/feature.go:64.19,65.40 1 0
github.com/harness/ff-golang-server-sdk/evaluation/feature.go:66.27,67.39 1 0
github.com/harness/ff-golang-server-sdk/evaluation/feature.go:68.25,69.37 1 0
github.com/harness/ff-golang-server-sdk/evaluation/feature.go:70.25,71.37 1 0
github.com/harness/ff-golang-server-sdk/evaluation/feature.go:72.31,73.43 1 0
github.com/harness/ff-golang-server-sdk/evaluation/feature.go:85.67,87.27 1 1
github.com/harness/ff-golang-server-sdk/evaluation/feature.go:109.2,109.13 1 1
github.com/harness/ff-golang-server-sdk/evaluation/feature.go:87.27,97.40 3 1
github.com/harness/ff-golang-server-sdk/evaluation/feature.go:103.3,103.45 1 1
github.com/harness/ff-golang-server-sdk/evaluation/feature.go:97.40,99.18 2 1
github.com/harness/ff-golang-server-sdk/evaluation/feature.go:99.18,101.5 1 0
github.com/harness/ff-golang-server-sdk/evaluation/feature.go:103.45,105.4 1 1
github.com/harness/ff-golang-server-sdk/evaluation/feature.go:119.58,121.43 2 0
github.com/harness/ff-golang-server-sdk/evaluation/feature.go:128.2,128.37 1 0
github.com/harness/ff-golang-server-sdk/evaluation/feature.go:131.2,131.11 1 0
github.com/harness/ff-golang-server-sdk/evaluation/feature.go:121.43,123.46 2 0
github.com/harness/ff-golang-server-sdk/evaluation/feature.go:123.46,125.4 1 0
github.com/harness/ff-golang-server-sdk/evaluation/feature.go:128.37,130.3 1 0
github.com/harness/ff-golang-server-sdk/evaluation/feature.go:134.71,137.22 3 0
github.com/harness/ff-golang-server-sdk/evaluation/feature.go:141.2,142.49 2 0
github.com/harness/ff-golang-server-sdk/evaluation/feature.go:137.22,139.3 1 0
github.com/harness/ff-golang-server-sdk/evaluation/feature.go:163.58,165.32 2 1
github.com/harness/ff-golang-server-sdk/evaluation/feature.go:177.2,177.52 1 1
github.com/harness/ff-golang-server-sdk/evaluation/feature.go:180.2,180.14 1 1
github.com/harness/ff-golang-server-sdk/evaluation/feature.go:165.32,166.39 1 1
github.com/harness/ff-golang-server-sdk/evaluation/feature.go:166.39,167.41 1 1
github.com/harness/ff-golang-server-sdk/evaluation/feature.go:167.41,168.38 1 1
github.com/harness/ff-golang-server-sdk/evaluation/feature.go:168.38,170.6 1 1
github.com/harness/ff-golang-server-sdk/evaluation/feature.go:177.52,179.3 1 1
github.com/harness/ff-golang-server-sdk/evaluation/feature.go:184.49,185.17 1 1
github.com/harness/ff-golang-server-sdk/evaluation/feature.go:186.17,187.22 1 1
github.com/harness/ff-golang-server-sdk/evaluation/feature.go:188.16,189.24 1 1
github.com/harness/ff-golang-server-sdk/evaluation/feature.go:190.24,191.21 1 1
github.com/harness/ff-golang-server-sdk/evaluation/feature.go:192.16,193.25 1 1
github.com/harness/ff-golang-server-sdk/evaluation/feature.go:194.14,195.21 1 1
github.com/harness/ff-golang-server-sdk/evaluation/feature.go:196.10,197.25 1 0
github.com/harness/ff-golang-server-sdk/evaluation/feature.go:202.70,206.22 3 1
github.com/harness/ff-golang-server-sdk/evaluation/feature.go:223.2,226.8 1 1
github.com/harness/ff-golang-server-sdk/evaluation/feature.go:207.20,208.44 1 1
github.com/harness/ff-golang-server-sdk/evaluation/feature.go:209.22,210.46 1 0
github.com/harness/ff-golang-server-sdk/evaluation/feature.go:212.49,213.43 1 0
github.com/harness/ff-golang-server-sdk/evaluation/feature.go:214.40,215.46 1 0
github.com/harness/ff-golang-server-sdk/evaluation/feature.go:216.19,217.44 1 0
github.com/harness/ff-golang-server-sdk/evaluation/feature.go:219.103,220.89 1 0
github.com/harness/ff-golang-server-sdk/evaluation/feature.go:230.65,231.33 1 1
github.com/harness/ff-golang-server-sdk/evaluation/feature.go:235.2,235.19 1 1
github.com/harness/ff-golang-server-sdk/evaluation/feature.go:262.2,262.72 1 1
github.com/harness/ff-golang-server-sdk/evaluation/feature.go:231.33,233.3 1 1
github.com/harness/ff-golang-server-sdk/evaluation/feature.go:235.19,236.73 1 1
github.com/harness/ff-golang-server-sdk/evaluation/feature.go:236.73,237.57 1 0
github.com/harness/ff-golang-server-sdk/evaluation/feature.go:237.57,238.36 1 0
github.com/harness/ff-golang-server-sdk/evaluation/feature.go:246.5,246.43 1 0
github.com/harness/ff-golang-server-sdk/evaluation/feature.go:238.36,239.45 1 0
github.com/harness/ff-golang-server-sdk/evaluation/feature.go:239.45,240.33 1 0
github.com/harness/ff-golang-server-sdk/evaluation/feature.go:240.33,242.8 1 0
github.com/harness/ff-golang-server-sdk/evaluation/feature.go:246.43,247.68 1 0
github.com/harness/ff-golang-server-sdk/evaluation/feature.go:247.68,249.14 2 0
github.com/harness/ff-golang-server-sdk/evaluation/feature.go:249.14,251.8 1 0
github.com/harness/ff-golang-server-sdk/evaluation/feature.go:251.13,252.36 1 0
github.com/harness/ff-golang-server-sdk/evaluation/feature.go:252.36,254.9 1 0
github.com/harness/ff-golang-server-sdk/evaluation/feature.go:265.72,267.22 2 1
github.com/harness/ff-golang-server-sdk/evaluation/feature.go:275.2,275.24 1 1
github.com/harness/ff-golang-server-sdk/evaluation/feature.go:267.22,269.20 2 1
github.com/harness/ff-golang-server-sdk/evaluation/feature.go:273.3,273.111 1 1
github.com/harness/ff-golang-server-sdk/evaluation/feature.go:269.20,271.4 1 0
github.com/harness/ff-golang-server-sdk/evaluation/feature.go:279.75,280.34 1 1
github.com/harness/ff-golang-server-sdk/evaluation/feature.go:283.2,283.34 1 1
github.com/harness/ff-golang-server-sdk/evaluation/feature.go:280.34,282.3 1 0
github.com/harness/ff-golang-server-sdk/evaluation/feature.go:287.77,288.36 1 1
github.com/harness/ff-golang-server-sdk/evaluation/feature.go:291.2,291.34 1 1
github.com/harness/ff-golang-server-sdk/evaluation/feature.go:288.36,290.3 1 0
github.com/harness/ff-golang-server-sdk/evaluation/feature.go:295.74,296.33 1 1
github.com/harness/ff-golang-server-sdk/evaluation/feature.go:299.2,299.34 1 1
github.com/harness/ff-golang-server-sdk/evaluation/feature.go:296.33,298.3 1 0
github.com/harness/ff-golang-server-sdk/evaluation/feature.go:303.77,304.37 1 1
github.com/harness/ff-golang-server-sdk/evaluation/feature.go:307.2,307.34 1 1
github.com/harness/ff-golang-server-sdk/evaluation/feature.go:304.37,306.3 1 0
github.com/harness/ff-golang-server-sdk/evaluation/feature.go:311.75,312.33 1 1
github.com/harness/ff-golang-server-sdk/evaluation/feature.go:315.2,315.34 1 1
github.com/harness/ff-golang-server-sdk/evaluation/feature.go:312.33,314.3 1 0
github.com/harness/ff-golang-server-sdk/evaluation/feature.go:352.103,353.19 1 1
github.com/harness/ff-golang-server-sdk/evaluation/feature.go:370.2,370.35 1 1
github.com/harness/ff-golang-server-sdk/evaluation/feature.go:374.2,374.38 1 0
github.com/harness/ff-golang-server-sdk/evaluation/feature.go:377.2,377.11 1 0
github.com/harness/ff-golang-server-sdk/evaluation/feature.go:353.19,355.27 1 1
github.com/harness/ff-golang-server-sdk/evaluation/feature.go:355.27,357.48 1 1
github.com/harness/ff-golang-server-sdk/evaluation/feature.go:360.4,361.35 2 1
github.com/harness/ff-golang-server-sdk/evaluation/feature.go:366.4,366.15 1 1
github.com/harness/ff-golang-server-sdk/evaluation/feature.go:357.48,358.19 1 1
github.com/harness/ff-golang-server-sdk/evaluation/feature.go:361.35,363.5 1 1
github.com/harness/ff-golang-server-sdk/evaluation/feature.go:363.10,365.5 1 0
github.com/harness/ff-golang-server-sdk/evaluation/feature.go:370.35,372.3 1 1
github.com/harness/ff-golang-server-sdk/evaluation/feature.go:374.38,376.3 1 0
github.com/harness/ff-golang-server-sdk/evaluation/feature.go:395.50,396.14 1 0
github.com/harness/ff-golang-server-sdk/evaluation/feature.go:399.2,400.18 2 0
github.com/harness/ff-golang-server-sdk/evaluation/feature.go:396.14,398.3 1 0
github.com/harness/ff-golang-server-sdk/evaluation/feature.go:404.56,405.14 1 0
github.com/harness/ff-golang-server-sdk/evaluation/feature.go:408.2,408.16 1 0
github.com/harness/ff-golang-server-sdk/evaluation/feature.go:405.14,407.3 1 0
github.com/harness/ff-golang-server-sdk/evaluation/feature.go:412.58,413.14 1 0
github.com/harness/ff-golang-server-sdk/evaluation/feature.go:416.2,417.15 2 0
github.com/harness/ff-golang-server-sdk/evaluation/feature.go:413.14,415.3 1 0
github.com/harness/ff-golang-server-sdk/evaluation/feature.go:421.51,422.14 1 0
github.com/harness/ff-golang-server-sdk/evaluation/feature.go:425.2,426.15 2 0
github.com/harness/ff-golang-server-sdk/evaluation/feature.go:422.14,424.3 1 0
github.com/harness/ff-golang-server-sdk/evaluation/feature.go:430.62,431.14 1 0
github.com/harness/ff-golang-server-sdk/evaluation/feature.go:434.2,435.65 2 0
github.com/harness/ff-golang-server-sdk/evaluation/feature.go:438.2,438.15 1 0
github.com/harness/ff-golang-server-sdk/evaluation/feature.go:431.14,433.3 1 0
github.com/harness/ff-golang-server-sdk/evaluation/feature.go:435.65,437.3 1 0
github.com/harness/ff-golang-server-sdk/evaluation/feature.go:445.68,446.24 1 1
github.com/harness/ff-golang-server-sdk/evaluation/feature.go:451.2,451.12 1 1
github.com/harness/ff-golang-server-sdk/evaluation/feature.go:446.24,447.35 1 1
github.com/harness/ff-golang-server-sdk/evaluation/feature.go:447.35,449.4 1 1
github.com/harness/ff-golang-server-sdk/evaluation/reflection.go:8.77,9.32 1 1
github.com/harness/ff-golang-server-sdk/evaluation/reflection.go:12.2,13.47 2 1
github.com/harness/ff-golang-server-sdk/evaluation/reflection.go:9.32,11.3 1 1
github.com/harness/ff-golang-server-sdk/evaluation/reflection.go:13.47,13.84 1 1
github.com/harness/ff-golang-server-sdk/evaluation/reflection.go:17.73,19.42 2 1
github.com/harness/ff-golang-server-sdk/evaluation/reflection.go:22.2,22.20 1 0
github.com/harness/ff-golang-server-sdk/evaluation/reflection.go:19.42,21.3 1 1
github.com/harness/ff-golang-server-sdk/evaluation/segment.go:13.47,14.28 1 0
github.com/harness/ff-golang-server-sdk/evaluation/segment.go:19.2,19.14 1 0
github.com/harness/ff-golang-server-sdk/evaluation/segment.go:14.28,15.32 1 0
github.com/harness/ff-golang-server-sdk/evaluation/segment.go:15.32,17.4 1 0
github.com/harness/ff-golang-server-sdk/evaluation/segment.go:23.56,24.28 1 1
github.com/harness/ff-golang-server-sdk/evaluation/segment.go:29.2,29.14 1 1
github.com/harness/ff-golang-server-sdk/evaluation/segment.go:24.28,25.15 1 1
github.com/harness/ff-golang-server-sdk/evaluation/segment.go:25.15,27.4 1 1
github.com/harness/ff-golang-server-sdk/evaluation/segment.go:39.72,41.27 1 1
github.com/harness/ff-golang-server-sdk/evaluation/segment.go:55.2,55.14 1 1
github.com/harness/ff-golang-server-sdk/evaluation/segment.go:41.27,44.17 2 1
github.com/harness/ff-golang-server-sdk/evaluation/segment.go:48.3,48.44 1 1
github.com/harness/ff-golang-server-sdk/evaluation/segment.go:44.17,46.12 2 0
github.com/harness/ff-golang-server-sdk/evaluation/segment.go:48.44,50.4 1 1
github.com/harness/ff-golang-server-sdk/evaluation/segment.go:80.48,83.53 1 1
github.com/harness/ff-golang-server-sdk/evaluation/segment.go:89.2,89.53 1 1
github.com/harness/ff-golang-server-sdk/evaluation/segment.go:95.2,95.35 1 1
github.com/harness/ff-golang-server-sdk/evaluation/segment.go:100.2,101.14 2 1
github.com/harness/ff-golang-server-sdk/evaluation/segment.go:83.53,86.3 2 1
github.com/harness/ff-golang-server-sdk/evaluation/segment.go:89.53,92.3 2 1
github.com/harness/ff-golang-server-sdk/evaluation/segment.go:95.35,98.3 2 1
github.com/harness/ff-golang-server-sdk/evaluation/segment.go:108.49,109.28 1 1
github.com/harness/ff-golang-server-sdk/evaluation/segment.go:114.2,114.13 1 1
github.com/harness/ff-golang-server-sdk/evaluation/segment.go:109.28,110.32 1 1
github.com/harness/ff-golang-server-sdk/evaluation/segment.go:110.32,112.4 1 0
github.com/harness/ff-golang-server-sdk/evaluation/strategy.go:16.66,18.2 1 0
github.com/harness/ff-golang-server-sdk/evaluation/strategy.go:21.96,25.16 4 0
github.com/harness/ff-golang-server-sdk/evaluation/strategy.go:28.2,29.32 2 0
github.com/harness/ff-golang-server-sdk/evaluation/strategy.go:25.16,27.3 1 0
github.com/harness/ff-golang-server-sdk/evaluation/target.go:21.57,24.25 3 1
github.com/harness/ff-golang-server-sdk/evaluation/target.go:28.2,29.8 2 1
github.com/harness/ff-golang-server-sdk/evaluation/target.go:41.2,41.14 1 1
github.com/harness/ff-golang-server-sdk/evaluation/target.go:24.25,26.3 1 1
github.com/harness/ff-golang-server-sdk/evaluation/target.go:29.8,31.3 1 1
github.com/harness/ff-golang-server-sdk/evaluation/target.go:31.8,34.32 1 1
github.com/harness/ff-golang-server-sdk/evaluation/target.go:35.21,36.41 1 1
github.com/harness/ff-golang-server-sdk/evaluation/target.go:37.15,38.35 1 0
github.com/harness/ff-golang-server-sdk/evaluation/target.go:45.67,46.16 1 1
github.com/harness/ff-golang-server-sdk/evaluation/target.go:49.2,50.22 2 1
github.com/harness/ff-golang-server-sdk/evaluation/target.go:46.16,48.3 1 1
github.com/harness/ff-golang-server-sdk/evaluation/target.go:51.20,52.42 1 1
github.com/harness/ff-golang-server-sdk/evaluation/target.go:53.22,54.43 1 1
github.com/harness/ff-golang-server-sdk/evaluation/target.go:55.40,56.42 1 1
github.com/harness/ff-golang-server-sdk/evaluation/target.go:58.49,59.41 1 1
github.com/harness/ff-golang-server-sdk/evaluation/target.go:60.21,61.48 1 0
github.com/harness/ff-golang-server-sdk/evaluation/target.go:63.101,64.14 1 0
github.com/harness/ff-golang-server-sdk/evaluation/target.go:65.10,66.71 1 0
github.com/harness/ff-golang-server-sdk/client/client.go:59.77,68.30 3 1
github.com/harness/ff-golang-server-sdk/client/client.go:72.2,83.18 4 1
github.com/harness/ff-golang-server-sdk/client/client.go:87.2,89.24 2 1
github.com/harness/ff-golang-server-sdk/client/client.go:95.2,103.20 5 1
github.com/harness/ff-golang-server-sdk/client/client.go:68.30,70.3 1 1
github.com/harness/ff-golang-server-sdk/client/client.go:83.18,85.3 1 0
github.com/harness/ff-golang-server-sdk/client/client.go:89.24,90.59 1 0
github.com/harness/ff-golang-server-sdk/client/client.go:90.59,92.4 1 0
github.com/harness/ff-golang-server-sdk/client/client.go:108.50,109.26 1 1
github.com/harness/ff-golang-server-sdk/client/client.go:118.2,118.59 1 0
github.com/harness/ff-golang-server-sdk/client/client.go:109.26,111.20 2 1
github.com/harness/ff-golang-server-sdk/client/client.go:115.3,116.30 2 1
github.com/harness/ff-golang-server-sdk/client/client.go:111.20,114.4 2 1
github.com/harness/ff-golang-server-sdk/client/client.go:121.55,125.12 4 1
github.com/harness/ff-golang-server-sdk/client/client.go:136.2,136.12 1 1
github.com/harness/ff-golang-server-sdk/client/client.go:146.2,147.8 2 1
github.com/harness/ff-golang-server-sdk/client/client.go:153.2,153.8 1 1
github.com/harness/ff-golang-server-sdk/client/client.go:158.2,158.11 1 1
github.com/harness/ff-golang-server-sdk/client/client.go:125.12,130.17 5 1
github.com/harness/ff-golang-server-sdk/client/client.go:130.17,133.4 2 0
github.com/harness/ff-golang-server-sdk/client/client.go:136.12,141.17 5 1
github.com/harness/ff-golang-server-sdk/client/client.go:141.17,144.4 2 0
github.com/harness/ff-golang-server-sdk/client/client.go:147.8,149.3 1 1
github.com/harness/ff-golang-server-sdk/client/client.go:149.8,151.3 1 0
github.com/harness/ff-golang-server-sdk/client/client.go:153.8,157.3 3 1
github.com/harness/ff-golang-server-sdk/client/client.go:161.36,165.49 3 0
github.com/harness/ff-golang-server-sdk/client/client.go:169.2,176.22 6 0
github.com/harness/ff-golang-server-sdk/client/client.go:182.2,188.26 3 0
github.com/harness/ff-golang-server-sdk/client/client.go:165.49,167.3 1 0
github.com/harness/ff-golang-server-sdk/client/client.go:176.22,181.3 4 0
github.com/harness/ff-golang-server-sdk/client/client.go:191.86,193.6 1 1
github.com/harness/ff-golang-server-sdk/client/client.go:193.6,195.17 2 1
github.com/harness/ff-golang-server-sdk/client/client.go:198.3,199.30 2 0
github.com/harness/ff-golang-server-sdk/client/client.go:195.17,197.4 1 1
github.com/harness/ff-golang-server-sdk/client/client.go:203.86,221.16 6 1
github.com/harness/ff-golang-server-sdk/client/client.go:225.2,229.16 2 1
github.com/harness/ff-golang-server-sdk/client/client.go:233.2,233.29 1 1
github.com/harness/ff-golang-server-sdk/client/client.go:237.2,242.16 5 1
github.com/harness/ff-golang-server-sdk/client/client.go:246.2,247.60 2 1
github.com/harness/ff-golang-server-sdk/client/client.go:251.2,253.9 3 1
github.com/harness/ff-golang-server-sdk/client/client.go:257.2,258.9 2 1
github.com/harness/ff-golang-server-sdk/client/client.go:264.2,265.35 2 1
github.com/harness/ff-golang-server-sdk/client/client.go:268.2,273.16 2 1
github.com/harness/ff-golang-server-sdk/client/client.go:277.2,281.16 2 1
github.com/harness/ff-golang-server-sdk/client/client.go:285.2,289.12 5 1
github.com/harness/ff-golang-server-sdk/client/client.go:221.16,223.3 1 0
github.com/harness/ff-golang-server-sdk/client/client.go:229.16,231.3 1 0
github.com/harness/ff-golang-server-sdk/client/client.go:233.29,235.3 1 0
github.com/harness/ff-golang-server-sdk/client/client.go:242.16,244.3 1 0
github.com/harness/ff-golang-server-sdk/client/client.go:247.60,249.3 1 0
github.com/harness/ff-golang-server-sdk/client/client.go:253.9,255.3 1 0
github.com/harness/ff-golang-server-sdk/client/client.go:258.9,261.3 2 0
github.com/harness/ff-golang-server-sdk/client/client.go:265.35,267.3 1 0
github.com/harness/ff-golang-server-sdk/client/client.go:273.16,275.3 1 0
github.com/harness/ff-golang-server-sdk/client/client.go:281.16,283.3 1 0
github.com/harness/ff-golang-server-sdk/client/client.go:292.59,294.2 1 1
github.com/harness/ff-golang-server-sdk/client/client.go:296.53,297.17 1 1
github.com/harness/ff-golang-server-sdk/client/client.go:311.2,318.6 4 1
github.com/harness/ff-golang-server-sdk/client/client.go:297.17,299.25 2 1
github.com/harness/ff-golang-server-sdk/client/client.go:308.3,308.18 1 1
github.com/harness/ff-golang-server-sdk/client/client.go:299.25,302.35 2 1
github.com/harness/ff-golang-server-sdk/client/client.go:302.35,306.5 2 0
github.com/harness/ff-golang-server-sdk/client/client.go:318.6,319.10 1 1
github.com/harness/ff-golang-server-sdk/client/client.go:320.21,322.10 2 0
github.com/harness/ff-golang-server-sdk/client/client.go:323.26,324.10 1 0
github.com/harness/ff-golang-server-sdk/client/client.go:329.56,331.27 1 1
github.com/harness/ff-golang-server-sdk/client/client.go:334.2,335.6 2 0
github.com/harness/ff-golang-server-sdk/client/client.go:331.27,333.3 1 1
github.com/harness/ff-golang-server-sdk/client/client.go:335.6,336.10 1 0
github.com/harness/ff-golang-server-sdk/client/client.go:337.21,339.10 2 0
github.com/harness/ff-golang-server-sdk/client/client.go:340.29,342.18 2 0
github.com/harness/ff-golang-server-sdk/client/client.go:342.18,344.5 1 0
github.com/harness/ff-golang-server-sdk/client/client.go:349.61,357.16 6 1
github.com/harness/ff-golang-server-sdk/client/client.go:362.2,362.26 1 1
github.com/harness/ff-golang-server-sdk/client/client.go:366.2,366.38 1 1
github.com/harness/ff-golang-server-sdk/client/client.go:372.2,373.12 2 1
github.com/harness/ff-golang-server-sdk/client/client.go:357.16,360.3 1 0
github.com/harness/ff-golang-server-sdk/client/client.go:362.26,364.3 1 0
github.com/harness/ff-golang-server-sdk/client/client.go:366.38,371.3 1 1
github.com/harness/ff-golang-server-sdk/client/client.go:376.64,384.16 6 1
github.com/harness/ff-golang-server-sdk/client/client.go:389.2,389.29 1 1
github.com/harness/ff-golang-server-sdk/client/client.go:393.2,393.44 1 0
github.com/harness/ff-golang-server-sdk/client/client.go:399.2,400.12 2 0
github.com/harness/ff-golang-server-sdk/client/client.go:384.16,387.3 1 0
github.com/harness/ff-golang-server-sdk/client/client.go:389.29,391.3 1 1
github.com/harness/ff-golang-server-sdk/client/client.go:393.44,398.3 1 0
github.com/harness/ff-golang-server-sdk/client/client.go:403.75,409.8 3 1
github.com/harness/ff-golang-server-sdk/client/client.go:412.2,412.12 1 1
github.com/harness/ff-golang-server-sdk/client/client.go:409.8,411.3 1 1
github.com/harness/ff-golang-server-sdk/client/client.go:415.71,417.45 2 1
github.com/harness/ff-golang-server-sdk/client/client.go:417.45,423.9 3 0
github.com/harness/ff-golang-server-sdk/client/client.go:423.9,424.26 1 0
github.com/harness/ff-golang-server-sdk/client/client.go:427.4,427.45 1 0
github.com/harness/ff-golang-server-sdk/client/client.go:424.26,426.5 1 0
github.com/harness/ff-golang-server-sdk/client/client.go:432.67,435.2 2 1
github.com/harness/ff-golang-server-sdk/client/client.go:440.106,442.15 2 1
github.com/harness/ff-golang-server-sdk/client/client.go:458.2,458.26 1 1
github.com/harness/ff-golang-server-sdk/client/client.go:442.15,447.14 3 1
github.com/harness/ff-golang-server-sdk/client/client.go:450.3,451.17 2 1
github.com/harness/ff-golang-server-sdk/client/client.go:454.3,456.43 2 1
github.com/harness/ff-golang-server-sdk/client/client.go:447.14,449.4 1 1
github.com/harness/ff-golang-server-sdk/client/client.go:451.17,453.4 1 0
github.com/harness/ff-golang-server-sdk/client/client.go:464.112,466.15 2 1
github.com/harness/ff-golang-server-sdk/client/client.go:483.2,483.26 1 1
github.com/harness/ff-golang-server-sdk/client/client.go:466.15,471.14 3 1
github.com/harness/ff-golang-server-sdk/client/client.go:474.3,475.17 2 1
github.com/harness/ff-golang-server-sdk/client/client.go:479.3,481.45 2 1
github.com/harness/ff-golang-server-sdk/client/client.go:471.14,473.4 1 1
github.com/harness/ff-golang-server-sdk/client/client.go:475.17,477.4 1 0
github.com/harness/ff-golang-server-sdk/client/client.go:489.107,491.15 2 0
github.com/harness/ff-golang-server-sdk/client/client.go:508.2,508.26 1 0
github.com/harness/ff-golang-server-sdk/client/client.go:491.15,496.14 3 0
github.com/harness/ff-golang-server-sdk/client/client.go:499.3,500.17 2 0
github.com/harness/ff-golang-server-sdk/client/client.go:504.3,506.42 2 0
github.com/harness/ff-golang-server-sdk/client/client.go:496.14,498.4 1 0
github.com/harness/ff-golang-server-sdk/client/client.go:500.17,502.4 1 0
github.com/harness/ff-golang-server-sdk/client/client.go:514.114,516.15 2 0
github.com/harness/ff-golang-server-sdk/client/client.go:533.2,533.26 1 0
github.com/harness/ff-golang-server-sdk/client/client.go:516.15,521.14 3 0
github.com/harness/ff-golang-server-sdk/client/client.go:524.3,525.17 2 0
github.com/harness/ff-golang-server-sdk/client/client.go:529.3,531.45 2 0
github.com/harness/ff-golang-server-sdk/client/client.go:521.14,523.4 1 0
github.com/harness/ff-golang-server-sdk/client/client.go:525.17,527.4 1 0
github.com/harness/ff-golang-server-sdk/client/client.go:540.118,542.15 2 0
github.com/harness/ff-golang-server-sdk/client/client.go:558.2,558.26 1 0
github.com/harness/ff-golang-server-sdk/client/client.go:542.15,547.14 3 0
github.com/harness/ff-golang-server-sdk/client/client.go:550.3,551.17 2 0
github.com/harness/ff-golang-server-sdk/client/client.go:554.3,556.43 2 0
github.com/harness/ff-golang-server-sdk/client/client.go:547.14,549.4 1 0
github.com/harness/ff-golang-server-sdk/client/client.go:551.17,553.4 1 0
github.com/harness/ff-golang-server-sdk/client/client.go:563.34,565.16 2 0
github.com/harness/ff-golang-server-sdk/client/client.go:568.2,569.12 2 0
github.com/harness/ff-golang-server-sdk/client/client.go:565.16,567.3 1 0
github.com/harness/ff-golang-server-sdk/client/client.go:573.41,575.2 1 0
github.com/harness/ff-golang-server-sdk/client/client.go:578.86,583.2 4 1
github.com/harness/ff-golang-server-sdk/client/client.go:587.59,588.31 1 1
github.com/harness/ff-golang-server-sdk/client/client.go:593.2,593.14 1 1
github.com/harness/ff-golang-server-sdk/client/client.go:588.31,589.21 1 1
github.com/harness/ff-golang-server-sdk/client/client.go:589.21,591.4 1 1
github.com/harness/ff-golang-server-sdk/client/client.go:596.115,599.53 2 1
github.com/harness/ff-golang-server-sdk/client/client.go:626.2,626.15 1 1
github.com/harness/ff-golang-server-sdk/client/client.go:599.53,601.27 2 1
github.com/harness/ff-golang-server-sdk/client/client.go:607.3,609.29 3 1
github.com/harness/ff-golang-server-sdk/client/client.go:613.3,615.58 2 1
github.com/harness/ff-golang-server-sdk/client/client.go:620.3,621.14 2 1
github.com/harness/ff-golang-server-sdk/client/client.go:601.27,603.12 2 0
github.com/harness/ff-golang-server-sdk/client/client.go:609.29,611.12 2 0
github.com/harness/ff-golang-server-sdk/client/client.go:615.58,617.4 1 1
github.com/harness/ff-golang-server-sdk/client/client.go:621.14,623.4 1 0
github.com/harness/ff-golang-server-sdk/client/config.go:28.33,30.16 2 1
github.com/harness/ff-golang-server-sdk/client/config.go:33.2,49.3 5 1
github.com/harness/ff-golang-server-sdk/client/config.go:30.16,32.3 1 0
github.com/harness/ff-golang-server-sdk/client/options.go:17.39,18.30 1 1
github.com/harness/ff-golang-server-sdk/client/options.go:18.30,20.3 1 1
github.com/harness/ff-golang-server-sdk/client/options.go:24.45,25.30 1 0
github.com/harness/ff-golang-server-sdk/client/options.go:25.30,27.3 1 0
github.com/harness/ff-golang-server-sdk/client/options.go:31.51,32.30 1 0
github.com/harness/ff-golang-server-sdk/client/options.go:32.30,34.3 1 0
github.com/harness/ff-golang-server-sdk/client/options.go:38.48,39.30 1 0
github.com/harness/ff-golang-server-sdk/client/options.go:39.30,44.3 2 0
github.com/harness/ff-golang-server-sdk/client/options.go:48.52,49.30 1 0
github.com/harness/ff-golang-server-sdk/client/options.go:49.30,54.3 2 0
github.com/harness/ff-golang-server-sdk/client/options.go:58.52,59.30 1 0
github.com/harness/ff-golang-server-sdk/client/options.go:59.30,61.3 1 0
github.com/harness/ff-golang-server-sdk/client/options.go:65.47,66.30 1 1
github.com/harness/ff-golang-server-sdk/client/options.go:66.30,68.3 1 1
github.com/harness/ff-golang-server-sdk/client/options.go:72.46,73.30 1 1
github.com/harness/ff-golang-server-sdk/client/options.go:73.30,75.3 1 1
github.com/harness/ff-golang-server-sdk/client/options.go:79.55,80.30 1 1
github.com/harness/ff-golang-server-sdk/client/options.go:80.30,82.3 1 1
github.com/harness/ff-golang-server-sdk/client/options.go:86.56,87.30 1 0
github.com/harness/ff-golang-server-sdk/client/options.go:87.30,89.3 1 0
